
> memevault-backend@1.0.0 dev
> nodemon src/server.js

[33m[nodemon] 3.1.14[39m
[33m[nodemon] to restart at any time, enter `rs`[39m
[33m[nodemon] watching path(s): *.*[39m
[33m[nodemon] watching extensions: js,mjs,cjs,json[39m
[32m[nodemon] starting `node src/server.js`[39m

🚀 MemeVault API running on http://localhost:5000
📡 Environment: development

✅  MongoDB Connected: localhost
[0mGET / [33m404[0m 4.149 ms - 45[0m
[0mGET /favicon.ico [33m404[0m 0.904 ms - 45[0m
[0mGET / [33m404[0m 0.481 ms - 45[0m
[0mGET / [33m404[0m 0.342 ms - 45[0m
[0mGET / [33m404[0m 0.389 ms - 45[0m
[0mGET /api/nfts/trending [32m200[0m 19.805 ms - 26[0m
[0mGET /api/users/top-creators [32m200[0m 7.620 ms - 30[0m
[0mGET /api/nfts/stats [32m200[0m 25.304 ms - 85[0m
[0mGET /api/nfts/trending [36m304[0m 8.847 ms - -[0m
[0mGET /api/users/top-creators [36m304[0m 5.275 ms - -[0m
[0mGET /api/nfts/stats [36m304[0m 9.387 ms - -[0m
[0mGET /api/nfts/trending [32m200[0m 6.378 ms - 26[0m
[0mGET /api/users/top-creators [32m200[0m 4.718 ms - 30[0m
[0mGET /api/nfts/stats [32m200[0m 15.816 ms - 85[0m
[0mGET /api/nfts/trending [36m304[0m 6.300 ms - -[0m
[0mGET /api/users/top-creators [36m304[0m 6.412 ms - -[0m
[0mGET /api/nfts/stats [36m304[0m 15.282 ms - -[0m
[0mGET /api/nfts?page=1&limit=12&sort=newest [32m200[0m 5.484 ms - 81[0m
[0mGET /api/nfts?page=1&limit=12&sort=newest [36m304[0m 5.118 ms - -[0m
[0mGET /api/nfts?page=1&limit=12&sort=newest&category=trending [32m200[0m 5.200 ms - 81[0m
[0mGET /api/nfts?page=1&limit=12&sort=newest&category=dank [32m200[0m 4.813 ms - 81[0m
[0mPOST /api/auth/register [32m201[0m 534.396 ms - 470[0m
[0mGET /api/nfts/trending [36m304[0m 3.099 ms - -[0m
[0mGET /api/users/top-creators [32m200[0m 6.200 ms - 178[0m
[0mGET /api/nfts/trending [36m304[0m 2.614 ms - -[0m
[0mGET /api/nfts/stats [32m200[0m 14.538 ms - 85[0m
[0mGET /api/users/top-creators [36m304[0m 3.339 ms - -[0m
[0mGET /api/nfts/stats [36m304[0m 9.418 ms - -[0m
[0mGET /api/nfts?page=1&limit=12&sort=newest [36m304[0m 5.549 ms - -[0m
[0mGET /api/nfts?page=1&limit=12&sort=newest [36m304[0m 5.695 ms - -[0m
[0mGET /api/auctions?status=active&page=1&limit=12 [32m200[0m 7.405 ms - 74[0m
[0mGET /api/auctions?status=active&page=1&limit=12 [36m304[0m 8.045 ms - -[0m
[0mGET /api/auctions?status=ended&page=1&limit=12 [32m200[0m 3.863 ms - 74[0m
[0mGET /api/auctions?status=cancelled&page=1&limit=12 [32m200[0m 3.879 ms - 74[0m
[0mGET /api/auctions?status=active&page=1&limit=12 [36m304[0m 4.013 ms - -[0m
[0mGET /api/nfts?page=1&limit=12&sort=newest [36m304[0m 4.560 ms - -[0m
[0mGET /api/nfts?page=1&limit=12&sort=newest [36m304[0m 4.554 ms - -[0m
[0mGET /api/nfts/trending [36m304[0m 2.485 ms - -[0m
[0mGET /api/users/top-creators [36m304[0m 3.305 ms - -[0m
[0mGET /api/nfts/trending [36m304[0m 2.322 ms - -[0m
[0mGET /api/nfts/stats [36m304[0m 10.958 ms - -[0m
[0mGET /api/users/top-creators [36m304[0m 2.759 ms - -[0m
[0mGET /api/nfts/stats [36m304[0m 7.467 ms - -[0m
[0mGET /api/nfts?page=1&limit=12&sort=newest [36m304[0m 3.966 ms - -[0m
[0mGET /api/nfts?page=1&limit=12&sort=newest [36m304[0m 4.648 ms - -[0m
[0mPOST /api/upload/metadata [32m200[0m 9.235 ms - 405[0m
[0mPOST /api/nfts [32m201[0m 36.607 ms - 1667[0m
[0mGET /api/offers/received [32m200[0m 12.592 ms - 28[0m
[0mGET /api/users/69cd3f342f76ce6dda17aae5/nfts?type=created [32m200[0m 19.086 ms - 1090[0m
[0mGET /api/offers/received [36m304[0m 8.080 ms - -[0m
[0mGET /api/users/69cd3f342f76ce6dda17aae5/nfts?type=created [36m304[0m 13.330 ms - -[0m
[0mGET /api/users/69cd3f342f76ce6dda17aae5/nfts?type=owned [32m200[0m 8.862 ms - 1090[0m
[0mGET /api/users/69cd3f342f76ce6dda17aae5/nfts?type=created [36m304[0m 8.781 ms - -[0m
[0mGET /api/users/69cd3f342f76ce6dda17aae5/nfts?type=owned [36m304[0m 6.701 ms - -[0m
[0mPOST /api/nfts/69cd3fa52f76ce6dda17ab17/like [32m200[0m 10.540 ms - 43[0m
[0mGET /api/nfts?page=1&limit=12&sort=newest [32m200[0m 11.078 ms - 1232[0m
[0mGET /api/nfts?page=1&limit=12&sort=newest [36m304[0m 11.389 ms - -[0m
[0mGET /api/auctions?status=active&page=1&limit=12 [36m304[0m 6.026 ms - -[0m
[0mGET /api/auctions?status=active&page=1&limit=12 [36m304[0m 4.291 ms - -[0m
[0mGET /api/auctions?status=ended&page=1&limit=12 [36m304[0m 3.982 ms - -[0m
[0mGET /api/auctions?status=cancelled&page=1&limit=12 [36m304[0m 3.895 ms - -[0m
[0mGET /api/users/69cd3f342f76ce6dda17aae5/nfts?type=created [32m200[0m 12.464 ms - 1116[0m
[0mGET /api/offers/received [36m304[0m 9.284 ms - -[0m
[0mGET /api/users/69cd3f342f76ce6dda17aae5/nfts?type=created [36m304[0m 12.541 ms - -[0m
[0mGET /api/offers/received [36m304[0m 12.455 ms - -[0m
[0mGET /api/nfts?page=1&limit=12&sort=newest [36m304[0m 8.198 ms - -[0m
[0mGET /api/nfts?page=1&limit=12&sort=newest [36m304[0m 9.299 ms - -[0m
[0mGET /api/nfts/trending [36m304[0m 4.252 ms - -[0m
[0mGET /api/users/top-creators [32m200[0m 11.468 ms - 178[0m
[0mGET /api/nfts/stats [32m200[0m 23.563 ms - 85[0m
[0mGET /api/auth/me [32m200[0m 19.400 ms - 379[0m
[0mGET /api/nfts/trending [36m304[0m 7.307 ms - -[0m
[0mGET /api/users/top-creators [36m304[0m 3.440 ms - -[0m
[0mGET /api/auth/me [36m304[0m 11.715 ms - -[0m
[0mGET /api/nfts/stats [36m304[0m 12.429 ms - -[0m
[0mGET /api/auctions?status=active&page=1&limit=12 [36m304[0m 3.970 ms - -[0m
[0mGET /api/auctions?status=active&page=1&limit=12 [36m304[0m 4.547 ms - -[0m
[0mGET /api/auctions?status=ended&page=1&limit=12 [36m304[0m 4.015 ms - -[0m
[0mGET /api/auctions?status=cancelled&page=1&limit=12 [36m304[0m 3.810 ms - -[0m
[0mGET /api/auctions?status=active&page=1&limit=12 [36m304[0m 3.989 ms - -[0m
[0mGET /api/users/rahul [31m500[0m 8.279 ms - 84[0m
[0mGET /api/users/rahul [31m500[0m 8.268 ms - 84[0m
[0mGET /api/auth/me [36m304[0m 7.222 ms - -[0m
[0mGET /api/users/rahul [31m500[0m 13.088 ms - 84[0m
[0mGET /api/auth/me [36m304[0m 9.759 ms - -[0m
[0mGET /api/users/rahul [31m500[0m 9.179 ms - 84[0m
[0mGET /api/users/rahul [31m500[0m 10.665 ms - 84[0m
[0mGET /api/users/rahul [31m500[0m 9.458 ms - 84[0m
[0mGET /api/nfts?page=1&limit=12&sort=newest [36m304[0m 8.692 ms - -[0m
[0mGET /api/nfts?page=1&limit=12&sort=newest [36m304[0m 8.671 ms - -[0m
[0mGET /api/offers/nft/69cd3fa52f76ce6dda17ab17 [32m200[0m 3.363 ms - 28[0m
[0mGET /api/nfts/69cd3fa52f76ce6dda17ab17 [32m200[0m 15.202 ms - 1222[0m
[0mGET /api/offers/nft/69cd3fa52f76ce6dda17ab17 [36m304[0m 2.634 ms - -[0m
[0mGET /api/nfts/69cd3fa52f76ce6dda17ab17 [32m200[0m 10.429 ms - 1222[0m
[0mGET /api/nfts?page=1&limit=12&sort=newest [32m200[0m 12.245 ms - 1232[0m
[0mGET /api/nfts?page=1&limit=12&sort=newest [36m304[0m 8.751 ms - -[0m
[0mGET /api/nfts?page=1&limit=12&sort=newest&category=crypto [32m200[0m 3.651 ms - 81[0m
[0mGET /api/nfts?page=1&limit=12&sort=newest [36m304[0m 6.839 ms - -[0m
[0mGET /api/nfts?page=1&limit=12&sort=newest [36m304[0m 7.449 ms - -[0m
[0mGET /api/offers/received [36m304[0m 7.922 ms - -[0m
[0mGET /api/users/69cd3f342f76ce6dda17aae5/nfts?type=created [32m200[0m 12.092 ms - 1116[0m
[0mGET /api/offers/received [36m304[0m 7.705 ms - -[0m
[0mGET /api/users/69cd3f342f76ce6dda17aae5/nfts?type=created [36m304[0m 12.317 ms - -[0m
[0mGET /api/users/69cd3f342f76ce6dda17aae5/nfts?type=owned [32m200[0m 8.782 ms - 1116[0m
[0mGET /api/users/69cd3f342f76ce6dda17aae5/nfts?type=created [36m304[0m 7.513 ms - -[0m
[32m[nodemon] restarting child process[39m
[32m[nodemon] starting `node src/server.js`[39m

🚀 MemeVault API running on http://localhost:5000
📡 Environment: development

✅  MongoDB Connected: localhost
